2020-12-02 22:20:49,160 - pyswarms.single.local_best - INFO - Optimize for 10 iters with {'c1': 4.427257223613736, 'c2': 6.650260915109149, 'w': 3.1842173403751977, 'k': 12, 'p': 1}
2020-12-02 22:20:49,170 - pyswarms.single.local_best - INFO - Optimization finished | best cost: 2.926557075387113, best pos: [0.55689154 0.32064959 0.46472841 0.04660251 0.50168929 0.19632102
 0.05469008 0.23314475 0.31293589 0.39539636 0.54813026 0.61781816
 0.65690643 0.1027094  0.39478993 0.24346038 0.03690765 0.5631728
 0.18770659 0.02251196]
2020-12-02 22:20:49,173 - pyswarms.single.local_best - INFO - Optimize for 10 iters with {'c1': 4.898182465005659, 'c2': 7.915399757143266, 'w': 3.42840527664929, 'k': 11, 'p': 1}
2020-12-02 22:20:49,185 - pyswarms.single.local_best - INFO - Optimization finished | best cost: 3.940625071189605, best pos: [0.07824951 0.13386121 0.4455993  0.21575117 0.85349718 0.40717152
 0.61136225 0.24288852 0.69817191 0.04295966 0.39398133 0.56999395
 0.14509976 0.43220612 0.14906778 0.28672051 0.66815998 0.50177838
 0.40506094 0.44775854]
2020-12-02 22:20:49,190 - pyswarms.single.local_best - INFO - Optimize for 10 iters with {'c1': 1.8635989591908872, 'c2': 6.897047852509395, 'w': 4.418039211580638, 'k': 11, 'p': 1}
2020-12-02 22:20:49,205 - pyswarms.single.local_best - INFO - Optimization finished | best cost: 3.8887181338703463, best pos: [2.47232057e-01 7.10317876e-02 3.44369177e-01 2.35051419e-01
 7.97850866e-02 8.19618077e-01 2.29125487e-01 6.42420108e-01
 1.97235360e-01 7.37861069e-04 6.33552192e-02 6.94931147e-01
 4.89431393e-01 8.13686013e-01 2.98475401e-01 1.20356439e-02
 1.32249186e-01 8.87185366e-01 4.28596584e-01 1.94778691e-02]
2020-12-02 22:20:49,208 - pyswarms.single.local_best - INFO - Optimize for 10 iters with {'c1': 3.5575158301459657, 'c2': 9.987949503541902, 'w': 3.760075451293436, 'k': 14, 'p': 1}
2020-12-02 22:20:49,221 - pyswarms.single.local_best - INFO - Optimization finished | best cost: 3.937654550889751, best pos: [0.19963581 0.52642167 0.17013589 0.10775799 0.26458231 0.62859422
 0.07239468 0.02261235 0.17279714 0.41466627 0.30288312 0.76437137
 0.70574157 0.25900373 0.49916392 0.13674151 0.18755604 0.37703711
 0.80144883 0.76075972]
2020-12-02 22:20:49,226 - pyswarms.single.local_best - INFO - Optimize for 10 iters with {'c1': 2.8210030991184927, 'c2': 8.836537688983647, 'w': 4.126271399543402, 'k': 14, 'p': 1}
2020-12-02 22:20:49,243 - pyswarms.single.local_best - INFO - Optimization finished | best cost: 4.061065966076208, best pos: [9.35507277e-01 4.65984139e-01 1.49478665e-01 5.48963288e-01
 5.64317393e-01 3.79216112e-01 2.52629530e-01 5.38882299e-01
 1.63308773e-02 4.67626137e-01 2.29056416e-01 2.09572021e-01
 5.88692244e-01 1.09476327e-01 8.15375901e-04 5.84456942e-01
 1.63794991e-01 6.58563368e-01 7.79663751e-02 5.88639009e-01]
2020-12-02 22:20:49,248 - pyswarms.single.local_best - INFO - Optimize for 10 iters with {'c1': 4.46112426112596, 'c2': 9.881109198686103, 'w': 4.104254181282878, 'k': 12, 'p': 1}
2020-12-02 22:20:49,262 - pyswarms.single.local_best - INFO - Optimization finished | best cost: 3.7120556616249263, best pos: [0.38295969 0.03134825 0.15823999 0.07604502 0.41907883 0.55014209
 0.14235618 0.57434639 0.66774583 0.00990351 0.20754461 0.08620018
 0.86818209 0.76218566 0.05452239 0.40102056 0.24417718 0.33133407
 0.61088414 0.40943904]
2020-12-02 22:20:49,265 - pyswarms.single.local_best - INFO - Optimize for 10 iters with {'c1': 2.914165404113561, 'c2': 8.813276603681883, 'w': 3.5474210106404644, 'k': 13, 'p': 1}
2020-12-02 22:20:49,276 - pyswarms.single.local_best - INFO - Optimization finished | best cost: 4.490911463224068, best pos: [0.62686608 0.55097953 0.13813007 0.2773556  0.20280273 0.49590828
 0.25280835 0.5954671  0.09483908 0.54336418 0.32204032 0.26262072
 0.97750532 0.06393778 0.47368078 0.96842495 0.01596331 0.30094309
 0.30545771 0.45820198]
2020-12-02 22:20:49,278 - pyswarms.single.local_best - INFO - Optimize for 10 iters with {'c1': 1.9652948868610558, 'c2': 9.914064288887785, 'w': 4.93329598202745, 'k': 11, 'p': 1}
2020-12-02 22:20:49,290 - pyswarms.single.local_best - INFO - Optimization finished | best cost: 4.541719178936429, best pos: [0.35947222 0.78306753 0.07658905 0.33787878 0.35243493 0.42032365
 0.01847413 0.23096398 0.28547072 0.26336948 0.36353037 0.70892017
 0.0182126  0.08243585 0.83127069 0.04094046 0.15150247 0.96565508
 0.93936104 0.03837594]
2020-12-02 22:20:49,293 - pyswarms.single.local_best - INFO - Optimize for 10 iters with {'c1': 3.4706329204194355, 'c2': 8.352216746653097, 'w': 3.523670642611136, 'k': 14, 'p': 1}
2020-12-02 22:20:49,306 - pyswarms.single.local_best - INFO - Optimization finished | best cost: 4.292276019766236, best pos: [0.69939486 0.2771831  0.46475552 0.22978188 0.15217233 0.23275407
 0.11270135 0.23760538 0.15508017 0.53647203 0.09286291 0.84194705
 0.62623839 0.82894432 0.76955584 0.20255242 0.08737142 0.25848556
 0.21562834 0.66943612]
2020-12-02 22:20:49,309 - pyswarms.single.local_best - INFO - Optimize for 10 iters with {'c1': 1.8381866570599756, 'c2': 9.44531719575281, 'w': 4.8113615097406415, 'k': 11, 'p': 1}
2020-12-02 22:20:49,320 - pyswarms.single.local_best - INFO - Optimization finished | best cost: 3.950319594795686, best pos: [0.16737808 0.31191143 0.11733352 0.18851605 0.63292121 0.83479945
 0.35877916 0.05575196 0.37098433 0.12060432 0.51653223 0.27955848
 0.34585616 0.43555915 0.56299281 0.53466616 0.42054421 0.20859404
 0.41805313 0.86137806]
2020-12-02 22:20:49,323 - pyswarms.single.local_best - INFO - Optimize for 10 iters with {'c1': 2.2716052941813043, 'c2': 7.954974743005599, 'w': 3.267682012410428, 'k': 12, 'p': 1}
2020-12-02 22:20:49,334 - pyswarms.single.local_best - INFO - Optimization finished | best cost: 4.201398425628874, best pos: [0.66273849 0.00562324 0.25078532 0.44515668 0.27992289 0.50944349
 0.61526006 0.26969272 0.41794744 0.49484612 0.33190149 0.87287995
 0.40004442 0.45256747 0.30040173 0.09857611 0.3868952  0.02588662
 0.50385099 0.74246366]
2020-12-02 22:20:49,336 - pyswarms.single.local_best - INFO - Optimize for 10 iters with {'c1': 1.3617212905058111, 'c2': 9.43493284857008, 'w': 4.928512278417646, 'k': 13, 'p': 1}
2020-12-02 22:20:49,347 - pyswarms.single.local_best - INFO - Optimization finished | best cost: 4.170666776173866, best pos: [0.78249005 0.56546803 0.23039308 0.68835139 0.38024549 0.52931463
 0.47175143 0.40953035 0.7357271  0.00585462 0.10200837 0.16776152
 0.49946625 0.01545156 0.12502374 0.30268256 0.40714887 0.73209073
 0.50529781 0.05295406]
2020-12-02 22:20:49,350 - pyswarms.single.local_best - INFO - Optimize for 10 iters with {'c1': 2.5711102872921523, 'c2': 6.956972907710167, 'w': 3.543843530991977, 'k': 14, 'p': 1}
2020-12-02 22:20:49,360 - pyswarms.single.local_best - INFO - Optimization finished | best cost: 3.6171963263233358, best pos: [0.94013656 0.63633415 0.13997194 0.29169189 0.13675261 0.51749129
 0.015058   0.19477042 0.49944433 0.07221673 0.27014609 0.45936417
 0.60892933 0.48612881 0.15823217 0.26739544 0.3289144  0.59932411
 0.41758091 0.12257775]
2020-12-02 22:20:49,363 - pyswarms.single.local_best - INFO - Optimize for 10 iters with {'c1': 4.003356511797288, 'c2': 9.147879884989113, 'w': 4.09180942037265, 'k': 12, 'p': 1}
2020-12-02 22:20:49,374 - pyswarms.single.local_best - INFO - Optimization finished | best cost: 3.973399494697713, best pos: [0.52437754 0.79247767 0.47048728 0.55275368 0.69318723 0.0411785
 0.40963576 0.70153357 0.19594269 0.56449844 0.24343321 0.32833518
 0.24612978 0.20581801 0.65180655 0.29192352 0.39843306 0.13126755
 0.03209313 0.29532875]
2020-12-02 22:20:49,377 - pyswarms.single.local_best - INFO - Optimize for 10 iters with {'c1': 4.865942723160096, 'c2': 9.684929180086142, 'w': 4.777629242865504, 'k': 13, 'p': 1}
2020-12-02 22:20:49,389 - pyswarms.single.local_best - INFO - Optimization finished | best cost: 4.119874276588891, best pos: [0.72815952 0.16348525 0.03362606 0.39823796 0.17070499 0.28075052
 0.45554334 0.30773948 0.5347622  0.88950825 0.14888139 0.15524627
 0.40549891 0.0822278  0.1832484  0.89208588 0.34186368 0.71545957
 0.01511406 0.48988758]
2020-12-02 22:20:49,392 - pyswarms.single.local_best - INFO - Optimize for 10 iters with {'c1': 4.961102333090013, 'c2': 9.12230352151321, 'w': 4.379519783190468, 'k': 14, 'p': 1}
2020-12-02 22:20:49,404 - pyswarms.single.local_best - INFO - Optimization finished | best cost: 4.3717024337006, best pos: [0.04124551 0.36004801 0.39162463 0.68515587 0.15228138 0.33753634
 0.73887502 0.29127781 0.25217518 0.5353795  0.13727435 0.81887919
 0.66379232 0.38513523 0.3844899  0.08547504 0.75130714 0.40283402
 0.28906688 0.50561122]
2020-12-02 22:20:49,408 - pyswarms.single.local_best - INFO - Optimize for 10 iters with {'c1': 2.2494116936096913, 'c2': 9.960233720389052, 'w': 3.454798484877369, 'k': 11, 'p': 1}
2020-12-02 22:20:49,421 - pyswarms.single.local_best - INFO - Optimization finished | best cost: 4.030347438209581, best pos: [0.6672827  0.39665026 0.44864644 0.12105469 0.04960388 0.65932467
 0.21232807 0.43049454 0.7378895  0.04259559 0.14788867 0.10002898
 0.18688173 0.21346446 0.35448636 0.27720761 0.04093114 0.68589248
 0.99238988 0.47550336]
2020-12-02 22:20:49,424 - pyswarms.single.local_best - INFO - Optimize for 10 iters with {'c1': 1.8915094979994613, 'c2': 9.930242222954336, 'w': 2.810487593150528, 'k': 14, 'p': 1}
2020-12-02 22:20:49,437 - pyswarms.single.local_best - INFO - Optimization finished | best cost: 3.8587457532613736, best pos: [0.63374478 0.61447609 0.03379419 0.10245099 0.4027734  0.15375013
 0.16701024 0.55342533 0.20198189 0.66521674 0.59967499 0.01961335
 0.06682294 0.01969798 0.11390317 0.09169938 0.65912777 0.46327908
 0.79558302 0.629513  ]
2020-12-02 22:20:49,440 - pyswarms.single.local_best - INFO - Optimize for 10 iters with {'c1': 3.6101382053453737, 'c2': 9.369471330551146, 'w': 2.1621545736481154, 'k': 11, 'p': 1}
2020-12-02 22:20:49,452 - pyswarms.single.local_best - INFO - Optimization finished | best cost: 4.75443759313183, best pos: [0.60360009 0.58894799 0.65298165 0.63101806 0.41806745 0.13834805
 0.2106648  0.85209681 0.22335019 0.13704468 0.8862849  0.24721664
 0.84696157 0.48575096 0.12857214 0.11213941 0.0907935  0.33742368
 0.31569473 0.36723003]
2020-12-02 22:20:49,456 - pyswarms.single.local_best - INFO - Optimize for 10 iters with {'c1': 4.753077390953945, 'c2': 9.337607557697606, 'w': 2.0769266233034505, 'k': 12, 'p': 1}
2020-12-02 22:20:49,466 - pyswarms.single.local_best - INFO - Optimization finished | best cost: 3.770922109693606, best pos: [0.07891726 0.15220596 0.35524992 0.17614046 0.89524878 0.57362832
 0.53029347 0.3584516  0.34459115 0.57044027 0.46747092 0.1093852
 0.0031825  0.52150754 0.40138407 0.51091712 0.4136801  0.34524862
 0.00436436 0.62045878]
2020-12-02 22:20:49,469 - pyswarms.single.local_best - INFO - Optimize for 10 iters with {'c1': 1.720175718966689, 'c2': 6.78403378278276, 'w': 4.097257587788491, 'k': 12, 'p': 1}
2020-12-02 22:20:49,485 - pyswarms.single.local_best - INFO - Optimization finished | best cost: 4.31947473592297, best pos: [0.40705518 0.73294208 0.735234   0.0704171  0.83111918 0.70890421
 0.05994935 0.17280728 0.08104904 0.01728737 0.13840059 0.16046969
 0.08912801 0.62893757 0.31211964 0.57601628 0.76724536 0.25617165
 0.19709599 0.51639097]
2020-12-02 22:20:49,488 - pyswarms.single.local_best - INFO - Optimize for 10 iters with {'c1': 3.5037721843645, 'c2': 7.234657614498882, 'w': 4.793634624398926, 'k': 13, 'p': 1}
2020-12-02 22:20:49,499 - pyswarms.single.local_best - INFO - Optimization finished | best cost: 4.092816121029619, best pos: [0.23525213 0.06129332 0.97080564 0.16164694 0.56610359 0.9043831
 0.19399678 0.17408242 0.43863675 0.37689081 0.0549766  0.77032134
 0.13893299 0.09090565 0.49421952 0.13391148 0.02641517 0.34037066
 0.7108788  0.12761088]
2020-12-02 22:20:49,502 - pyswarms.single.local_best - INFO - Optimize for 10 iters with {'c1': 1.5312757916485817, 'c2': 6.876813057493058, 'w': 3.1614623419496155, 'k': 12, 'p': 1}
2020-12-02 22:20:49,513 - pyswarms.single.local_best - INFO - Optimization finished | best cost: 3.1144312361345885, best pos: [0.3527296  0.45194513 0.06296279 0.36221522 0.00636064 0.10183028
 0.43868702 0.35130826 0.37359876 0.44054237 0.7788628  0.14962275
 0.05243279 0.67879448 0.35784407 0.05709132 0.1074521  0.34550327
 0.63278078 0.48528348]
2020-12-02 22:20:49,516 - pyswarms.single.local_best - INFO - Optimize for 10 iters with {'c1': 2.2993654714879463, 'c2': 6.9833533561494345, 'w': 4.3082560679082516, 'k': 13, 'p': 1}
2020-12-02 22:20:49,528 - pyswarms.single.local_best - INFO - Optimization finished | best cost: 2.53380217578863, best pos: [0.23491547 0.20259992 0.73680406 0.16585482 0.04413607 0.49482406
 0.58540094 0.00284862 0.07146053 0.05486568 0.10248295 0.1690703
 0.53334195 0.0938485  0.29741701 0.79608327 0.00312462 0.32938246
 0.15053288 0.28956381]
2020-12-02 22:20:49,531 - pyswarms.single.local_best - INFO - Optimize for 10 iters with {'c1': 2.3324272854592465, 'c2': 8.35885155304877, 'w': 4.553467815535319, 'k': 14, 'p': 1}
2020-12-02 22:20:49,541 - pyswarms.single.local_best - INFO - Optimization finished | best cost: 3.683315474718668, best pos: [0.30911882 0.1870531  0.68351365 0.14548466 0.74114027 0.57220784
 0.24630045 0.23733104 0.06542734 0.14301356 0.24856324 0.49099125
 0.46515224 0.25041216 0.1219171  0.56443511 0.64502549 0.76493773
 0.30292951 0.1940299 ]
2020-12-02 22:20:49,544 - pyswarms.single.local_best - INFO - Optimize for 10 iters with {'c1': 1.8715609231594366, 'c2': 7.33588380861936, 'w': 2.057161019274852, 'k': 14, 'p': 1}
2020-12-02 22:20:49,554 - pyswarms.single.local_best - INFO - Optimization finished | best cost: 4.32152823025792, best pos: [0.16393774 0.24918644 0.93380091 0.62127217 0.41184464 0.00409946
 0.00657228 0.77417445 0.34712885 0.37889068 0.10761169 0.75471268
 0.099778   0.82507858 0.33914236 0.18448996 0.54584731 0.09291013
 0.20450568 0.41494192]
2020-12-02 22:20:49,557 - pyswarms.single.local_best - INFO - Optimize for 10 iters with {'c1': 1.64146981606636, 'c2': 7.655675173771691, 'w': 3.961411174480878, 'k': 11, 'p': 1}
2020-12-02 22:20:49,566 - pyswarms.single.local_best - INFO - Optimization finished | best cost: 4.040239905382709, best pos: [0.76978127 0.74019164 0.47997258 0.04898032 0.24672488 0.29021129
 0.19224192 0.14092896 0.57560912 0.42243748 0.19152244 0.46306259
 0.25708803 0.15856301 0.45744191 0.49294051 0.40049701 0.23092364
 0.48600897 0.84309623]
2020-12-02 22:20:49,569 - pyswarms.single.local_best - INFO - Optimize for 10 iters with {'c1': 1.382911933030512, 'c2': 7.238592931031663, 'w': 4.334678227127852, 'k': 14, 'p': 1}
2020-12-02 22:20:49,580 - pyswarms.single.local_best - INFO - Optimization finished | best cost: 3.1977134410485553, best pos: [0.60134054 0.36464032 0.27805738 0.0294669  0.18758578 0.51416606
 0.91729343 0.58712902 0.30901513 0.39848639 0.29837597 0.28050519
 0.3919644  0.19804977 0.09406383 0.55466051 0.04401065 0.2991909
 0.0935192  0.32818616]
2020-12-02 22:20:49,583 - pyswarms.single.local_best - INFO - Optimize for 10 iters with {'c1': 4.420991735408499, 'c2': 7.261296323632024, 'w': 2.5837601181590206, 'k': 11, 'p': 1}
2020-12-02 22:20:49,593 - pyswarms.single.local_best - INFO - Optimization finished | best cost: 3.7367915780984564, best pos: [0.69919502 0.16954057 0.44781701 0.64395482 0.2299259  0.37753496
 0.02445061 0.73939116 0.10962207 0.31303797 0.28031831 0.46407296
 0.37556    0.80172593 0.14385087 0.02509831 0.17997066 0.51538241
 0.57237584 0.16295134]
2020-12-02 22:20:49,596 - pyswarms.single.local_best - INFO - Optimize for 10 iters with {'c1': 4.199572197276568, 'c2': 6.3512711440808856, 'w': 2.935833467498413, 'k': 13, 'p': 1}
2020-12-02 22:20:49,606 - pyswarms.single.local_best - INFO - Optimization finished | best cost: 3.8063036608729317, best pos: [0.09769677 0.38923934 0.1973182  0.47187785 0.88393083 0.44843604
 0.26755003 0.15394643 0.00289456 0.02069332 0.50343669 0.10454266
 0.42066873 0.63034737 0.34713444 0.17975543 0.68234565 0.03637114
 0.89970393 0.1939671 ]
2020-12-02 22:20:49,609 - pyswarms.single.local_best - INFO - Optimize for 10 iters with {'c1': 2.052424908213549, 'c2': 6.409332532236782, 'w': 2.061864323451108, 'k': 14, 'p': 1}
2020-12-02 22:20:49,619 - pyswarms.single.local_best - INFO - Optimization finished | best cost: 4.031419802706483, best pos: [0.44292711 0.54219265 0.25790679 0.97349537 0.59298383 0.02285916
 0.88918925 0.26024801 0.25705858 0.19146376 0.25521571 0.38680908
 0.38022992 0.23533723 0.128914   0.62276298 0.18008591 0.48871285
 0.35115275 0.0055002 ]
2020-12-02 22:20:49,622 - pyswarms.single.local_best - INFO - Optimize for 10 iters with {'c1': 1.4747503213715998, 'c2': 8.130348827701454, 'w': 3.811716407327878, 'k': 11, 'p': 1}
2020-12-02 22:20:49,634 - pyswarms.single.local_best - INFO - Optimization finished | best cost: 4.018726537704049, best pos: [0.27645493 0.35658459 0.75543774 0.554501   0.56758428 0.24494691
 0.07113495 0.98047218 0.69872966 0.37423342 0.06044777 0.35405029
 0.51144992 0.62772137 0.04622021 0.28196016 0.23736334 0.08741247
 0.11722657 0.1272621 ]
2020-12-02 22:20:49,637 - pyswarms.single.local_best - INFO - Optimize for 10 iters with {'c1': 1.3133670977321144, 'c2': 6.374273080755743, 'w': 2.9802502723791804, 'k': 14, 'p': 1}
2020-12-02 22:20:49,648 - pyswarms.single.local_best - INFO - Optimization finished | best cost: 3.9470840711904374, best pos: [0.34548144 0.19327412 0.91902766 0.54584335 0.26134627 0.35013094
 0.21071723 0.5866827  0.16567167 0.05526732 0.60780865 0.67268081
 0.02303287 0.14046778 0.11396258 0.50741764 0.89507141 0.23619615
 0.17407568 0.19474351]
2020-12-02 22:20:49,651 - pyswarms.single.local_best - INFO - Optimize for 10 iters with {'c1': 3.2726851934546017, 'c2': 7.411010044564906, 'w': 4.074622586315309, 'k': 13, 'p': 1}
2020-12-02 22:20:49,660 - pyswarms.single.local_best - INFO - Optimization finished | best cost: 4.406342245593389, best pos: [0.23507476 0.32154612 0.00875181 0.7876359  0.73913789 0.12642449
 0.19949247 0.34577873 0.71157057 0.3822963  0.14573249 0.19332523
 0.49583909 0.27255309 0.10947619 0.51729471 0.93767274 0.66929592
 0.35524119 0.37599928]
2020-12-02 22:20:49,663 - pyswarms.single.local_best - INFO - Optimize for 10 iters with {'c1': 4.675167558752323, 'c2': 9.459719981553754, 'w': 4.125078248952766, 'k': 13, 'p': 1}
2020-12-02 22:20:49,673 - pyswarms.single.local_best - INFO - Optimization finished | best cost: 3.444581043135763, best pos: [0.10213357 0.38176873 0.48768624 0.04590026 0.60142004 0.5366977
 0.26332411 0.42962905 0.09892954 0.42361257 0.36300531 0.37004522
 0.6487282  0.26176909 0.08022495 0.37979134 0.05247147 0.43412016
 0.37925038 0.84365412]
2020-12-02 22:20:49,676 - pyswarms.single.local_best - INFO - Optimize for 10 iters with {'c1': 1.4938914375874548, 'c2': 8.73523271854112, 'w': 2.5337113283999386, 'k': 12, 'p': 1}
2020-12-02 22:20:49,686 - pyswarms.single.local_best - INFO - Optimization finished | best cost: 4.264168815954624, best pos: [0.53564206 0.6178078  0.82513776 0.04751229 0.68232259 0.31714624
 0.03560792 0.65146082 0.07209087 0.9141738  0.32854289 0.33697839
 0.04443756 0.41040643 0.61556147 0.25031539 0.02170394 0.17369202
 0.09181518 0.4551787 ]
2020-12-02 22:20:49,688 - pyswarms.single.local_best - INFO - Optimize for 10 iters with {'c1': 3.65769002134365, 'c2': 6.403192325993938, 'w': 2.4713588072732247, 'k': 13, 'p': 1}
2020-12-02 22:20:49,698 - pyswarms.single.local_best - INFO - Optimization finished | best cost: 5.2432098399202705, best pos: [0.99094233 0.54342214 0.38024108 0.70188789 0.73437779 0.37107567
 0.36235349 0.14037918 0.70488627 0.095073   0.16846238 0.25585239
 0.66530842 0.82380283 0.15959777 0.51170563 0.50239712 0.1157006
 0.45265832 0.14716754]
2020-12-02 22:20:49,701 - pyswarms.single.local_best - INFO - Optimize for 10 iters with {'c1': 1.2763845204193243, 'c2': 8.575309861274633, 'w': 3.589343934273896, 'k': 12, 'p': 1}
2020-12-02 22:20:49,711 - pyswarms.single.local_best - INFO - Optimization finished | best cost: 4.820160997282349, best pos: [0.42350285 0.87609362 0.26192887 0.80465564 0.21917462 0.65295154
 0.04413553 0.9691676  0.00673373 0.06732768 0.07669214 0.17834143
 0.29416974 0.42567167 0.57774305 0.27277882 0.35190652 0.07812473
 0.2343881  0.915696  ]
2020-12-02 22:20:49,713 - pyswarms.single.local_best - INFO - Optimize for 10 iters with {'c1': 4.486837153377008, 'c2': 8.788169127190192, 'w': 4.341348317770801, 'k': 14, 'p': 1}
2020-12-02 22:20:49,723 - pyswarms.single.local_best - INFO - Optimization finished | best cost: 4.360344173058562, best pos: [0.04148986 0.30650458 0.54344521 0.76603771 0.55048331 0.59584477
 0.67658077 0.11599133 0.23876762 0.320039   0.42332924 0.41032315
 0.04257268 0.20283078 0.41515792 0.37593467 0.26627843 0.97324656
 0.50728209 0.33787759]
2020-12-02 22:20:49,726 - pyswarms.single.local_best - INFO - Optimize for 10 iters with {'c1': 4.118283900121558, 'c2': 6.266046394805086, 'w': 3.2920366739004665, 'k': 13, 'p': 1}
2020-12-02 22:20:49,738 - pyswarms.single.local_best - INFO - Optimization finished | best cost: 3.686044423808904, best pos: [0.24110863 0.38954147 0.07086479 0.14724718 0.39014044 0.4511032
 0.60204888 0.71063102 0.73249983 0.25974388 0.18652245 0.59285509
 0.39868594 0.04389619 0.10729044 0.01753328 0.05427148 0.3039663
 0.8526608  0.49086045]
2020-12-02 22:20:49,741 - pyswarms.single.local_best - INFO - Optimize for 10 iters with {'c1': 4.731224188423166, 'c2': 9.43395398322304, 'w': 3.994012208342286, 'k': 12, 'p': 1}
2020-12-02 22:20:49,752 - pyswarms.single.local_best - INFO - Optimization finished | best cost: 3.4585836890570474, best pos: [0.7668769  0.11102749 0.4292223  0.10603728 0.06766006 0.76503907
 0.28549006 0.65471374 0.29867805 0.33227614 0.49554991 0.66066409
 0.14610017 0.15902688 0.58204465 0.08413951 0.26998227 0.10460906
 0.41203618 0.18682374]
2020-12-02 22:20:49,755 - pyswarms.single.local_best - INFO - Optimize for 10 iters with {'c1': 2.4349632247752155, 'c2': 8.57563155530394, 'w': 4.12559387034777, 'k': 14, 'p': 1}
2020-12-02 22:20:49,765 - pyswarms.single.local_best - INFO - Optimization finished | best cost: 4.650251475587626, best pos: [0.05424971 0.08540048 0.58404492 0.74467553 0.16150394 0.33510149
 0.47280636 0.12803345 0.38782546 0.49794526 0.15578254 0.38361585
 0.45498289 0.72892721 0.8734464  0.15549683 0.3752782  0.56619068
 0.13315963 0.88977158]
2020-12-02 22:20:49,768 - pyswarms.single.local_best - INFO - Optimize for 10 iters with {'c1': 2.72636295772755, 'c2': 6.434016023122894, 'w': 3.4407543003488845, 'k': 11, 'p': 1}
2020-12-02 22:20:49,778 - pyswarms.single.local_best - INFO - Optimization finished | best cost: 3.8786094017895443, best pos: [0.37992324 0.55847027 0.1329081  0.32993624 0.11624484 0.63601333
 0.06163986 0.49608515 0.14532727 0.86930279 0.22404671 0.56749544
 0.25879705 0.19843807 0.04074893 0.22938047 0.14065121 0.9522451
 0.00961107 0.62577931]
2020-12-02 22:20:49,781 - pyswarms.single.local_best - INFO - Optimize for 10 iters with {'c1': 3.2595571638958485, 'c2': 6.849980431456247, 'w': 4.433004606122766, 'k': 11, 'p': 1}
2020-12-02 22:20:49,791 - pyswarms.single.local_best - INFO - Optimization finished | best cost: 4.017187322769443, best pos: [0.13600567 0.3549088  0.43041991 0.29434278 0.56774775 0.65080866
 0.30646857 0.39374491 0.06529557 0.59527454 0.21480981 0.71519414
 0.91361492 0.32918091 0.26097138 0.24564325 0.27516191 0.66738615
 0.05832167 0.30610974]
2020-12-02 22:20:49,794 - pyswarms.single.local_best - INFO - Optimize for 10 iters with {'c1': 2.6618197269520207, 'c2': 6.697818853326568, 'w': 2.526500336782516, 'k': 12, 'p': 1}
2020-12-02 22:20:49,803 - pyswarms.single.local_best - INFO - Optimization finished | best cost: 3.4015947204874655, best pos: [0.18068157 0.10885768 0.55680845 0.04039617 0.62621926 0.50943489
 0.09556933 0.05280674 0.53857863 0.34110768 0.00796659 0.08830037
 0.69657294 0.39568431 0.15762809 0.13669896 0.36039992 0.57795743
 0.62907191 0.65006581]
2020-12-02 22:20:49,806 - pyswarms.single.local_best - INFO - Optimize for 10 iters with {'c1': 3.5390603363268367, 'c2': 9.616069573070737, 'w': 2.183150330047949, 'k': 11, 'p': 1}
2020-12-02 22:20:49,816 - pyswarms.single.local_best - INFO - Optimization finished | best cost: 4.096818911572603, best pos: [0.20052177 0.82422946 0.75071035 0.695044   0.37817837 0.41296669
 0.11914563 0.34885576 0.39139272 0.0036574  0.51878609 0.00236373
 0.12744165 0.65089595 0.45987324 0.396027   0.03866829 0.73128552
 0.12110766 0.31564601]
2020-12-02 22:20:49,819 - pyswarms.single.local_best - INFO - Optimize for 10 iters with {'c1': 4.85648658867448, 'c2': 6.651089011793225, 'w': 4.2393074720099895, 'k': 14, 'p': 1}
2020-12-02 22:20:49,829 - pyswarms.single.local_best - INFO - Optimization finished | best cost: 3.5246373257706276, best pos: [0.0515618  0.24034138 0.09783018 0.23595405 0.35606386 0.57740429
 0.53883532 0.68510245 0.07811832 0.590141   0.70755899 0.05771388
 0.19556913 0.90343384 0.11057826 0.35253425 0.15363035 0.18895634
 0.46674533 0.22943018]
2020-12-02 22:20:49,831 - pyswarms.single.local_best - INFO - Optimize for 10 iters with {'c1': 1.3003727440237887, 'c2': 6.60223490438208, 'w': 4.590167080747297, 'k': 12, 'p': 1}
2020-12-02 22:20:49,841 - pyswarms.single.local_best - INFO - Optimization finished | best cost: 4.082732374781425, best pos: [0.38148119 0.26174809 0.08658616 0.6877487  0.01809618 0.14525171
 0.18869994 0.4121819  0.25841072 0.35731393 0.32644924 0.06553929
 0.25815668 0.61148855 0.02994741 0.3864969  0.5841062  0.75867856
 0.91178652 0.719019  ]
2020-12-02 22:20:49,844 - pyswarms.single.local_best - INFO - Optimize for 10 iters with {'c1': 2.3417248480874395, 'c2': 6.194784861641967, 'w': 2.9209653594724725, 'k': 11, 'p': 1}
2020-12-02 22:20:49,856 - pyswarms.single.local_best - INFO - Optimization finished | best cost: 3.413053920196613, best pos: [0.24516904 0.13022401 0.09986217 0.32765559 0.44034586 0.66252022
 0.29096053 0.38440506 0.02628277 0.45578827 0.26060686 0.49489837
 0.20054953 0.97365155 0.69544786 0.01323327 0.05744698 0.45381086
 0.36092664 0.14341367]
2020-12-02 22:20:49,858 - pyswarms.single.local_best - INFO - Optimize for 10 iters with {'c1': 4.023863132057217, 'c2': 7.859425788492956, 'w': 3.4286472500586442, 'k': 11, 'p': 1}
2020-12-02 22:20:49,869 - pyswarms.single.local_best - INFO - Optimization finished | best cost: 3.650700991690326, best pos: [0.04819596 0.41723258 0.28848384 0.29771183 0.7456244  0.53807327
 0.40900653 0.21566818 0.60177958 0.44658556 0.25448897 0.66843766
 0.14401568 0.10178843 0.3021077  0.28753822 0.61290676 0.42858338
 0.62992181 0.09392926]
2020-12-02 22:20:49,872 - pyswarms.single.local_best - INFO - Optimize for 10 iters with {'c1': 2.819402578401826, 'c2': 7.653316775888693, 'w': 4.715965632930429, 'k': 13, 'p': 1}
2020-12-02 22:20:49,881 - pyswarms.single.local_best - INFO - Optimization finished | best cost: 4.402359833152946, best pos: [0.27973414 0.22186283 0.45647076 0.20982329 0.29102957 0.86198425
 0.2875086  0.8550948  0.8344557  0.46881159 0.0639539  0.10300582
 0.76129635 0.02260447 0.55364109 0.34743309 0.41364218 0.20842803
 0.18731286 0.43953426]
2020-12-02 22:20:49,884 - pyswarms.single.local_best - INFO - Optimize for 10 iters with {'c1': 1.4513486705086378, 'c2': 7.594759122210407, 'w': 4.4509528364696935, 'k': 12, 'p': 1}
2020-12-02 22:20:49,894 - pyswarms.single.local_best - INFO - Optimization finished | best cost: 3.8390765708842323, best pos: [0.4702688  0.25522144 0.06564097 0.54107183 0.87882899 0.2237449
 0.19898271 0.07985627 0.1998623  0.35105596 0.37778973 0.36445309
 0.20342662 0.38699195 0.63496629 0.6053794  0.60503208 0.52463154
 0.34516153 0.47682131]
2020-12-02 22:20:49,896 - pyswarms.single.local_best - INFO - Optimize for 10 iters with {'c1': 2.810535908204652, 'c2': 8.87837131538439, 'w': 3.356773147395262, 'k': 11, 'p': 1}
2020-12-02 22:20:49,907 - pyswarms.single.local_best - INFO - Optimization finished | best cost: 3.8354679341744604, best pos: [0.66590664 0.30016237 0.07030715 0.16325074 0.09380918 0.82336098
 0.65922847 0.35685238 0.78431116 0.5125646  0.20359803 0.06094462
 0.31799599 0.27072562 0.32226417 0.36843688 0.73071698 0.22652511
 0.04722585 0.31170154]
2020-12-02 22:20:49,909 - pyswarms.single.local_best - INFO - Optimize for 10 iters with {'c1': 2.714991781768122, 'c2': 6.167495358181908, 'w': 3.894250454556156, 'k': 14, 'p': 1}
2020-12-02 22:20:49,919 - pyswarms.single.local_best - INFO - Optimization finished | best cost: 4.015410220422648, best pos: [0.02919027 0.20117693 0.51167896 0.1427196  0.094359   0.08615276
 0.8309415  0.42588529 0.18142544 0.68720788 0.95158749 0.09986638
 0.0187088  0.14437104 0.5848019  0.37094361 0.80386591 0.41550252
 0.23900411 0.07950304]
2020-12-02 22:20:49,921 - pyswarms.single.local_best - INFO - Optimize for 10 iters with {'c1': 3.7102489255417086, 'c2': 7.302353468354075, 'w': 3.584624804025881, 'k': 11, 'p': 1}
2020-12-02 22:20:49,931 - pyswarms.single.local_best - INFO - Optimization finished | best cost: 3.283890395119248, best pos: [0.03645618 0.0435831  0.14261443 0.11617956 0.43493586 0.32670541
 0.0744212  0.50045471 0.24795745 0.22300897 0.49256362 0.15676614
 0.3443279  0.37070711 0.43193237 0.43380868 0.90454557 0.86251825
 0.3275799  0.1277723 ]
2020-12-02 22:20:49,933 - pyswarms.single.local_best - INFO - Optimize for 10 iters with {'c1': 3.118083894396622, 'c2': 9.458427847247888, 'w': 4.965628744168777, 'k': 12, 'p': 1}
2020-12-02 22:20:49,943 - pyswarms.single.local_best - INFO - Optimization finished | best cost: 3.1530493140397358, best pos: [0.36029011 0.3345115  0.19201295 0.61455586 0.76900313 0.06443558
 0.15937505 0.37633812 0.40420953 0.1414818  0.3749031  0.0201826
 0.05525653 0.50327254 0.75689465 0.35555077 0.10846548 0.37341249
 0.52505715 0.16539289]
2020-12-02 22:20:49,946 - pyswarms.single.local_best - INFO - Optimize for 10 iters with {'c1': 1.6742543623068347, 'c2': 8.319161252868932, 'w': 4.538685466015798, 'k': 13, 'p': 1}
2020-12-02 22:20:49,956 - pyswarms.single.local_best - INFO - Optimization finished | best cost: 3.792531814047253, best pos: [0.1592839  0.32457737 0.22613883 0.75407663 0.27055452 0.38705802
 0.1869194  0.43098079 0.25452041 0.43362446 0.84323273 0.04655444
 0.04164259 0.13516896 0.26845163 0.24423378 0.32054129 0.96895454
 0.17513226 0.6389922 ]
2020-12-02 22:20:49,959 - pyswarms.single.local_best - INFO - Optimize for 10 iters with {'c1': 4.349512389596014, 'c2': 9.056089453188495, 'w': 3.5217827216401374, 'k': 11, 'p': 1}
2020-12-02 22:20:49,970 - pyswarms.single.local_best - INFO - Optimization finished | best cost: 3.627072023309997, best pos: [0.51489415 0.69719054 0.63605448 0.10181723 0.04850071 0.69986311
 0.06662907 0.17232738 0.02829931 0.59557425 0.03696008 0.05431857
 0.46421097 0.43286228 0.10848421 0.17985126 0.68290683 0.20944215
 0.4584086  0.63834421]
2020-12-02 22:20:49,972 - pyswarms.single.local_best - INFO - Optimize for 10 iters with {'c1': 2.240086745484273, 'c2': 6.424701444602113, 'w': 2.4466603991510345, 'k': 14, 'p': 1}
2020-12-02 22:20:49,983 - pyswarms.single.local_best - INFO - Optimization finished | best cost: 3.986710197633397, best pos: [0.14557028 0.03251476 0.94377162 0.48833808 0.07572332 0.5995172
 0.44051731 0.1948293  0.60345987 0.10486173 0.0742703  0.06101957
 0.39308321 0.07770968 0.54966404 0.96550248 0.51347068 0.33829039
 0.27125317 0.08464984]
2020-12-02 22:20:49,986 - pyswarms.single.local_best - INFO - Optimize for 10 iters with {'c1': 4.931633412420337, 'c2': 8.82036605138785, 'w': 3.241270957427576, 'k': 13, 'p': 1}
2020-12-02 22:20:49,997 - pyswarms.single.local_best - INFO - Optimization finished | best cost: 4.145957608188516, best pos: [0.75113386 0.44306837 0.82631388 0.34140875 0.48124994 0.35331696
 0.27821802 0.74680947 0.15299132 0.65540701 0.28525541 0.13709186
 0.05375709 0.32013474 0.55562716 0.22836323 0.45939756 0.36974805
 0.23819198 0.41310446]
2020-12-02 22:20:50,001 - pyswarms.single.local_best - INFO - Optimize for 10 iters with {'c1': 3.204861720200059, 'c2': 9.798264828747067, 'w': 4.37570285529987, 'k': 14, 'p': 1}
2020-12-02 22:20:50,013 - pyswarms.single.local_best - INFO - Optimization finished | best cost: 3.919534472109745, best pos: [0.12584111 0.21196821 0.44516974 0.39151118 0.34335378 0.40807445
 0.84368629 0.13472492 0.18926637 0.06504034 0.13093606 0.11113707
 0.6856024  0.27659096 0.8533641  0.32668689 0.71058698 0.339161
 0.35423566 0.54445795]
2020-12-02 22:20:50,017 - pyswarms.single.local_best - INFO - Optimize for 10 iters with {'c1': 4.48948761785867, 'c2': 7.813081386046889, 'w': 3.071663801919863, 'k': 13, 'p': 1}
2020-12-02 22:20:50,029 - pyswarms.single.local_best - INFO - Optimization finished | best cost: 3.63717548854898, best pos: [0.01942049 0.71262752 0.56437159 0.25243493 0.2374385  0.72776334
 0.46398265 0.62202895 0.25200024 0.57520521 0.30764129 0.20238425
 0.53945504 0.05751161 0.65597775 0.32713338 0.26076908 0.23582899
 0.27023169 0.01594236]
2020-12-02 22:20:50,033 - pyswarms.single.local_best - INFO - Optimize for 10 iters with {'c1': 3.2132362407769834, 'c2': 8.169158701976475, 'w': 4.44074190324241, 'k': 14, 'p': 1}
2020-12-02 22:20:50,045 - pyswarms.single.local_best - INFO - Optimization finished | best cost: 3.7141346512002364, best pos: [0.45629619 0.58517573 0.33238807 0.25118806 0.72489687 0.04238023
 0.1067909  0.16421383 0.0582927  0.14846369 0.30733746 0.99309313
 0.05335178 0.52318243 0.11602424 0.22606453 0.52245249 0.26019722
 0.27847228 0.7475357 ]
2020-12-02 22:20:50,047 - pyswarms.single.local_best - INFO - Optimize for 10 iters with {'c1': 4.3050963308145285, 'c2': 8.21908582583699, 'w': 2.8184013122479556, 'k': 14, 'p': 1}
2020-12-02 22:20:50,058 - pyswarms.single.local_best - INFO - Optimization finished | best cost: 3.9105011903723397, best pos: [0.50667776 0.49734737 0.20856954 0.39115968 0.1581256  0.91892282
 0.17867312 0.47455604 0.66312155 0.36304454 0.66201672 0.20066757
 0.07728322 0.18326597 0.30656182 0.14406768 0.11699789 0.23284151
 0.57751501 0.69107144]
2020-12-02 22:20:50,061 - pyswarms.single.local_best - INFO - Optimize for 10 iters with {'c1': 2.986622417817209, 'c2': 6.987031700028533, 'w': 4.654517774860233, 'k': 12, 'p': 1}
2020-12-02 22:20:50,072 - pyswarms.single.local_best - INFO - Optimization finished | best cost: 3.8865312350689876, best pos: [0.09307624 0.56147917 0.01825195 0.46799008 0.43892319 0.08377683
 0.12675633 0.7399462  0.41256856 0.72964114 0.46362127 0.78044245
 0.45920246 0.43555838 0.25423236 0.12848804 0.07026287 0.74048585
 0.13007472 0.03847961]
2020-12-02 22:20:50,076 - pyswarms.single.local_best - INFO - Optimize for 10 iters with {'c1': 2.4682976396283216, 'c2': 6.527378930660056, 'w': 3.909679811219486, 'k': 14, 'p': 1}
2020-12-02 22:20:50,087 - pyswarms.single.local_best - INFO - Optimization finished | best cost: 4.910236500045476, best pos: [0.53977827 0.17097323 0.05802698 0.21642361 0.77773247 0.43620639
 0.81915332 0.82965724 0.38462575 0.54281457 0.01188901 0.62369461
 0.30469219 0.17880815 0.49625812 0.78028411 0.36776828 0.08859777
 0.29031803 0.58814709]
2020-12-02 22:20:50,090 - pyswarms.single.local_best - INFO - Optimize for 10 iters with {'c1': 4.975601397676069, 'c2': 7.4992968618036215, 'w': 4.392539647180149, 'k': 12, 'p': 1}
2020-12-02 22:20:50,101 - pyswarms.single.local_best - INFO - Optimization finished | best cost: 3.7930196022783713, best pos: [0.11874208 0.36086483 0.23932324 0.36245168 0.72481568 0.4467271
 0.445896   0.49638723 0.92000237 0.16510041 0.13698746 0.01646676
 0.52077196 0.66636087 0.56947494 0.45911421 0.01421305 0.14684608
 0.35157691 0.03878323]
2020-12-02 22:20:50,104 - pyswarms.single.local_best - INFO - Optimize for 10 iters with {'c1': 4.4867498177049265, 'c2': 9.941935590945162, 'w': 2.659345291755017, 'k': 14, 'p': 1}
2020-12-02 22:20:50,115 - pyswarms.single.local_best - INFO - Optimization finished | best cost: 3.526618699728829, best pos: [0.43661555 0.76562573 0.12867297 0.03380127 0.4094308  0.1824189
 0.04264009 0.4507666  0.83132315 0.01908018 0.306299   0.26034158
 0.15768716 0.57406066 0.63412389 0.55038324 0.40186012 0.1410329
 0.06279203 0.47786523]
2020-12-02 22:20:50,118 - pyswarms.single.local_best - INFO - Optimize for 10 iters with {'c1': 2.1591266837566168, 'c2': 7.053161939810106, 'w': 4.822355160434914, 'k': 14, 'p': 1}
2020-12-02 22:20:50,129 - pyswarms.single.local_best - INFO - Optimization finished | best cost: 3.9081450188810414, best pos: [0.31042013 0.18442199 0.04530896 0.3130868  0.31867525 0.12588101
 0.18813151 0.63454881 0.52398858 0.40195655 0.47251269 0.2271418
 0.73876931 0.08894032 0.79513067 0.10803981 0.51961948 0.41510706
 0.4034914  0.78008774]
2020-12-02 22:20:50,132 - pyswarms.single.local_best - INFO - Optimize for 10 iters with {'c1': 3.1727730241095053, 'c2': 9.167163925332217, 'w': 4.109529398569112, 'k': 11, 'p': 1}
2020-12-02 22:20:50,142 - pyswarms.single.local_best - INFO - Optimization finished | best cost: 3.7088073398611847, best pos: [0.14708806 0.05177643 0.24573592 0.56500045 0.48008131 0.19737787
 0.71190564 0.65542935 0.07972942 0.2648286  0.17012941 0.36895676
 0.49096261 0.58638692 0.77871522 0.3191737  0.27841356 0.27105549
 0.49687889 0.40797743]
2020-12-02 22:20:50,145 - pyswarms.single.local_best - INFO - Optimize for 10 iters with {'c1': 2.097380881973873, 'c2': 9.134585984225387, 'w': 3.869933752375716, 'k': 14, 'p': 1}
2020-12-02 22:20:50,155 - pyswarms.single.local_best - INFO - Optimization finished | best cost: 4.220254195620891, best pos: [4.14035838e-01 8.33983021e-04 5.77321427e-01 1.75340469e-01
 8.73581412e-01 4.63189797e-01 5.73972073e-01 2.25495060e-01
 7.16879193e-02 1.79378844e-02 4.33968523e-01 1.08974953e-01
 6.16726265e-01 8.12960084e-01 3.05459652e-01 1.28035273e-01
 1.61670686e-01 3.70173564e-01 8.88184497e-01 1.34705400e-01]
2020-12-02 22:20:50,157 - pyswarms.single.local_best - INFO - Optimize for 10 iters with {'c1': 3.7130975256302907, 'c2': 7.173975932464866, 'w': 3.1967330327167387, 'k': 12, 'p': 1}
2020-12-02 22:20:50,167 - pyswarms.single.local_best - INFO - Optimization finished | best cost: 4.152227156978302, best pos: [0.45586865 0.54462741 0.24352637 0.46279693 0.61350953 0.18690576
 0.35181874 0.09144266 0.35023098 0.90770388 0.15319801 0.60898535
 0.10601238 0.63269192 0.43280088 0.09470064 0.33964457 0.03562422
 0.87468406 0.01992151]
2020-12-02 22:20:50,170 - pyswarms.single.local_best - INFO - Optimize for 10 iters with {'c1': 1.9584798640801346, 'c2': 6.828429674984083, 'w': 3.8861804239589004, 'k': 12, 'p': 1}
2020-12-02 22:20:50,180 - pyswarms.single.local_best - INFO - Optimization finished | best cost: 3.584491857807655, best pos: [0.00729064 0.5450056  0.46952813 0.46436632 0.18580037 0.45275329
 0.05843713 0.06069802 0.5755638  0.22400554 0.38991921 0.05588732
 0.60721757 0.82312076 0.38762862 0.26997322 0.68081634 0.55124326
 0.1754206  0.02368521]
2020-12-02 22:20:50,183 - pyswarms.single.local_best - INFO - Optimize for 10 iters with {'c1': 4.55597853935987, 'c2': 7.844471278660844, 'w': 4.4698160026270655, 'k': 13, 'p': 1}
2020-12-02 22:20:50,195 - pyswarms.single.local_best - INFO - Optimization finished | best cost: 3.8570520370516554, best pos: [0.03987079 0.33572479 0.10876888 0.28841415 0.70974823 0.71617924
 0.03327062 0.86682597 0.86328361 0.32891837 0.05677243 0.14057511
 0.57856134 0.33635034 0.41201091 0.2901779  0.04333117 0.39590952
 0.14056229 0.34922394]
2020-12-02 22:20:50,198 - pyswarms.single.local_best - INFO - Optimize for 10 iters with {'c1': 1.5308063559052583, 'c2': 8.525831523318306, 'w': 2.393358389765862, 'k': 11, 'p': 1}
2020-12-02 22:20:50,208 - pyswarms.single.local_best - INFO - Optimization finished | best cost: 3.2799577380125093, best pos: [0.68897294 0.05485367 0.56712993 0.19674157 0.31846576 0.56805439
 0.08012406 0.59729202 0.3236876  0.23712467 0.80495061 0.2369515
 0.53619701 0.15516422 0.24355186 0.07057808 0.621672   0.11561227
 0.07376942 0.09153265]
2020-12-02 22:20:50,212 - pyswarms.single.local_best - INFO - Optimize for 10 iters with {'c1': 4.767633544068385, 'c2': 7.768096718906614, 'w': 4.043018915068661, 'k': 14, 'p': 1}
2020-12-02 22:20:50,226 - pyswarms.single.local_best - INFO - Optimization finished | best cost: 3.71658409963318, best pos: [0.27871522 0.12971346 0.27830263 0.99410671 0.16955169 0.02417701
 0.39490967 0.64694114 0.25022735 0.12608177 0.42834135 0.16458506
 0.21278721 0.53202059 0.3661281  0.01563695 0.02153804 0.80382504
 0.31483908 0.67464163]
2020-12-02 22:20:50,230 - pyswarms.single.local_best - INFO - Optimize for 10 iters with {'c1': 4.742228449376222, 'c2': 8.838411774689401, 'w': 3.001544179808561, 'k': 13, 'p': 1}
2020-12-02 22:20:50,243 - pyswarms.single.local_best - INFO - Optimization finished | best cost: 4.512070064001364, best pos: [2.99377734e-01 5.36550189e-01 2.74582911e-01 1.87210782e-01
 9.66305515e-01 7.57188845e-04 3.38615541e-01 7.75641471e-01
 6.10426370e-01 5.77604217e-01 2.59176317e-01 5.34727311e-01
 1.37965047e-01 3.10366653e-01 5.01143980e-01 6.06025047e-01
 4.59197490e-01 9.83240615e-02 5.89913437e-01 1.11500026e-01]
2020-12-02 22:20:50,247 - pyswarms.single.local_best - INFO - Optimize for 10 iters with {'c1': 4.7307724433201725, 'c2': 6.671819774615706, 'w': 2.567494031286312, 'k': 12, 'p': 1}
2020-12-02 22:20:50,258 - pyswarms.single.local_best - INFO - Optimization finished | best cost: 4.500294835656369, best pos: [0.22184826 0.52374956 0.43527091 0.07765142 0.02500742 0.16416627
 0.52900331 0.50092695 0.54633952 0.64659728 0.7841538  0.25850932
 0.25111732 0.76809668 0.24641461 0.52723071 0.86526473 0.29430142
 0.31158235 0.31705193]
2020-12-02 22:20:50,264 - pyswarms.single.local_best - INFO - Optimize for 10 iters with {'c1': 3.940244451121478, 'c2': 7.010976208205526, 'w': 2.48617502752765, 'k': 11, 'p': 1}
2020-12-02 22:20:50,276 - pyswarms.single.local_best - INFO - Optimization finished | best cost: 3.4553488873772698, best pos: [0.38657558 0.05771347 0.37674176 0.36735083 0.50621707 0.01749193
 0.63510062 0.57514447 0.7700716  0.12061668 0.44686699 0.51116514
 0.06520974 0.20711942 0.58801013 0.38278547 0.02837148 0.40483515
 0.41832522 0.29551368]
2020-12-02 22:20:50,280 - pyswarms.single.local_best - INFO - Optimize for 10 iters with {'c1': 3.2584914814121215, 'c2': 9.700186668889476, 'w': 3.2589486130453675, 'k': 14, 'p': 1}
2020-12-02 22:20:50,298 - pyswarms.single.local_best - INFO - Optimization finished | best cost: 4.094027778245883, best pos: [0.16845163 0.32692082 0.2206751  0.27871883 0.11425774 0.49724657
 0.28470314 0.43392101 0.25404035 0.00607992 0.55936978 0.24497368
 0.29864438 0.60144866 0.86826837 0.36412349 0.37677472 0.95564824
 0.54154177 0.42351556]
2020-12-02 22:20:50,303 - pyswarms.single.local_best - INFO - Optimize for 10 iters with {'c1': 3.686558892069625, 'c2': 6.5330615128655065, 'w': 2.076069917981256, 'k': 12, 'p': 1}
2020-12-02 22:20:50,318 - pyswarms.single.local_best - INFO - Optimization finished | best cost: 4.338147409315446, best pos: [0.1901183  0.12014145 0.84254721 0.0890951  0.83247728 0.36416475
 0.29056124 0.18035806 0.50455095 0.06038035 0.56655026 0.18764444
 0.04265546 0.23241872 0.20682221 0.28219274 0.66461416 0.57101616
 0.99968221 0.25955022]
2020-12-02 22:20:50,320 - pyswarms.single.local_best - INFO - Optimize for 10 iters with {'c1': 2.491930519681799, 'c2': 8.267764777208626, 'w': 4.200249932188365, 'k': 11, 'p': 1}
2020-12-02 22:20:50,337 - pyswarms.single.local_best - INFO - Optimization finished | best cost: 3.7505471316015453, best pos: [0.97555706 0.2552969  0.80499198 0.13486886 0.32267143 0.23832356
 0.94148173 0.14546649 0.54429012 0.03106732 0.28555342 0.17342005
 0.2751572  0.21862992 0.44598436 0.26152004 0.10584373 0.39376229
 0.16408846 0.0786121 ]
2020-12-02 22:20:50,341 - pyswarms.single.local_best - INFO - Optimize for 10 iters with {'c1': 4.602069919387748, 'c2': 6.679501583152829, 'w': 2.862702787534734, 'k': 14, 'p': 1}
2020-12-02 22:20:50,355 - pyswarms.single.local_best - INFO - Optimization finished | best cost: 4.513754396607675, best pos: [0.0436877  0.41879218 0.49916096 0.69676861 0.69830564 0.14355871
 0.73489415 0.29073881 0.69808691 0.40878445 0.07161249 0.69495983
 0.29884596 0.16297916 0.09437468 0.08020603 0.29557827 0.46081682
 0.50674284 0.79920407]
2020-12-02 22:20:50,359 - pyswarms.single.local_best - INFO - Optimize for 10 iters with {'c1': 2.997181451979055, 'c2': 6.735494257966126, 'w': 2.9034765901843285, 'k': 12, 'p': 1}
2020-12-02 22:20:50,376 - pyswarms.single.local_best - INFO - Optimization finished | best cost: 3.981640962249609, best pos: [0.12685169 0.22756226 0.1469739  0.01898998 0.22273262 0.22648762
 0.63346735 0.15405647 0.03643946 0.80606339 0.11848933 0.25949376
 0.76702332 0.15181608 0.54428753 0.36396071 0.66604308 0.7474928
 0.31819551 0.69981649]
2020-12-02 22:20:50,381 - pyswarms.single.local_best - INFO - Optimize for 10 iters with {'c1': 2.983910731670182, 'c2': 7.68957182685627, 'w': 4.98618414076705, 'k': 14, 'p': 1}
2020-12-02 22:20:50,398 - pyswarms.single.local_best - INFO - Optimization finished | best cost: 4.1647476906471175, best pos: [0.88238989 0.31201969 0.55808156 0.62178191 0.53989883 0.16135798
 0.37120161 0.11946906 0.11489729 0.30260706 0.2932908  0.28716481
 0.44093998 0.03192971 0.44710355 0.43188016 0.26766795 0.8211958
 0.60733395 0.38875789]
2020-12-02 22:20:50,402 - pyswarms.single.local_best - INFO - Optimize for 10 iters with {'c1': 2.2875522145043874, 'c2': 7.753496323121592, 'w': 4.486849896432457, 'k': 13, 'p': 1}
2020-12-02 22:20:50,418 - pyswarms.single.local_best - INFO - Optimization finished | best cost: 4.007793492348748, best pos: [0.07000911 0.45486598 0.09226413 0.69697387 0.6247389  0.30150397
 0.75632447 0.75950714 0.02541724 0.58675528 0.01419865 0.1865996
 0.05253699 0.48750925 0.35160549 0.45619666 0.73456166 0.06405472
 0.36625209 0.20416249]
2020-12-02 22:20:50,421 - pyswarms.single.local_best - INFO - Optimize for 10 iters with {'c1': 3.0364494586118607, 'c2': 8.284276332231395, 'w': 2.6549156140247243, 'k': 14, 'p': 1}
2020-12-02 22:20:50,437 - pyswarms.single.local_best - INFO - Optimization finished | best cost: 3.8441776834879335, best pos: [0.69969833 0.00744165 0.22225049 0.42391534 0.42420448 0.69031872
 0.44761111 0.53653038 0.52269918 0.71770512 0.09325783 0.33512585
 0.1874391  0.49837799 0.57579856 0.1305181  0.02935672 0.17172179
 0.42448579 0.47831196]
2020-12-02 22:20:50,440 - pyswarms.single.local_best - INFO - Optimize for 10 iters with {'c1': 3.5890465003208534, 'c2': 7.64278564911522, 'w': 3.013200628828946, 'k': 14, 'p': 1}
2020-12-02 22:20:50,455 - pyswarms.single.local_best - INFO - Optimization finished | best cost: 4.1935262643197175, best pos: [0.3770475  0.77022897 0.38974183 0.215778   0.31057096 0.86772323
 0.64756784 0.29346453 0.73937296 0.16209435 0.01169677 0.05470594
 0.56797605 0.59570874 0.30173231 0.29397175 0.53689273 0.27545756
 0.2135977  0.25303727]
2020-12-02 22:20:50,458 - pyswarms.single.local_best - INFO - Optimize for 10 iters with {'c1': 3.722672520555107, 'c2': 7.540454581919118, 'w': 3.553652949209638, 'k': 11, 'p': 1}
2020-12-02 22:20:50,475 - pyswarms.single.local_best - INFO - Optimization finished | best cost: 3.829586075738439, best pos: [0.02761761 0.39964877 0.19327739 0.51342723 0.57339388 0.65343035
 0.21095645 0.11461713 0.12145956 0.3285157  0.72365786 0.22499278
 0.7172144  0.11806825 0.02111521 0.59252855 0.59123074 0.44713136
 0.39846177 0.51927551]
2020-12-02 22:20:50,479 - pyswarms.single.local_best - INFO - Optimize for 10 iters with {'c1': 2.147080164525006, 'c2': 7.4340751040968165, 'w': 4.0708830380515195, 'k': 13, 'p': 1}
2020-12-02 22:20:50,492 - pyswarms.single.local_best - INFO - Optimization finished | best cost: 3.784219316072497, best pos: [0.3110189  0.03242539 0.29194762 0.75571989 0.49646556 0.66323167
 0.00702719 0.41459923 0.77997639 0.75674551 0.60819718 0.33416472
 0.33162882 0.10492731 0.18074447 0.46790128 0.23789318 0.01961749
 0.24956998 0.13170194]
2020-12-02 22:20:50,495 - pyswarms.single.local_best - INFO - Optimize for 10 iters with {'c1': 1.564477599679977, 'c2': 7.7297844936584665, 'w': 3.2866778464236965, 'k': 13, 'p': 1}
2020-12-02 22:20:50,506 - pyswarms.single.local_best - INFO - Optimization finished | best cost: 4.223386127505932, best pos: [0.31532835 0.15486501 0.72550935 0.61885976 0.35281814 0.47234017
 0.39044524 0.37966687 0.06940903 0.53926122 0.25286365 0.14128553
 0.08197968 0.97930982 0.11694055 0.74737186 0.2619065  0.09906293
 0.44258751 0.59549745]
2020-12-02 22:20:50,509 - pyswarms.single.local_best - INFO - Optimize for 10 iters with {'c1': 1.1971184238016441, 'c2': 8.004880530015466, 'w': 3.4190094170062624, 'k': 12, 'p': 1}
2020-12-02 22:20:50,519 - pyswarms.single.local_best - INFO - Optimization finished | best cost: 3.526035724230346, best pos: [0.35199822 0.16748305 0.12330678 0.12659506 0.92727605 0.42875688
 0.52997729 0.25722038 0.40168808 0.17539782 0.2908141  0.0983444
 0.47763194 0.26328599 0.33384075 0.34733318 0.43341692 0.48259315
 0.32468594 0.78106893]
2020-12-02 22:20:50,522 - pyswarms.single.local_best - INFO - Optimize for 10 iters with {'c1': 1.861191506528022, 'c2': 9.762880745631247, 'w': 2.749251359129423, 'k': 13, 'p': 1}
2020-12-02 22:20:50,532 - pyswarms.single.local_best - INFO - Optimization finished | best cost: 3.22296802886394, best pos: [0.55819111 0.68433612 0.0408794  0.65463493 0.33367253 0.21274109
 0.03281949 0.46101164 0.56259814 0.30410443 0.96319495 0.0971547
 0.10645867 0.26017912 0.00657024 0.15007669 0.1362845  0.08555043
 0.31174192 0.2679625 ]
2020-12-02 22:20:50,534 - pyswarms.single.local_best - INFO - Optimize for 10 iters with {'c1': 1.5933605841216605, 'c2': 9.523688812251486, 'w': 3.831073969965356, 'k': 12, 'p': 1}
2020-12-02 22:20:50,545 - pyswarms.single.local_best - INFO - Optimization finished | best cost: 3.488744244704215, best pos: [0.37022777 0.10827318 0.00248905 0.4249507  0.0621616  0.58334135
 0.92703589 0.34363408 0.12000289 0.57149541 0.22391341 0.25037486
 0.001322   0.93981414 0.50598353 0.0103597  0.10400544 0.15860014
 0.12801495 0.43836249]
2020-12-02 22:20:50,549 - pyswarms.single.local_best - INFO - Optimize for 10 iters with {'c1': 1.885470833416493, 'c2': 8.830003214450713, 'w': 4.732790552005039, 'k': 13, 'p': 1}
2020-12-02 22:20:50,560 - pyswarms.single.local_best - INFO - Optimization finished | best cost: 3.4658212459422826, best pos: [0.3370019  0.58382813 0.05236872 0.03048679 0.23910082 0.55184211
 0.42264669 0.14618367 0.64013958 0.22548023 0.54971573 0.08487708
 0.22832751 0.10240757 0.49057518 0.7706688  0.18639217 0.62754802
 0.25918077 0.53203856]
2020-12-02 22:20:50,564 - pyswarms.single.local_best - INFO - Optimize for 10 iters with {'c1': 1.5484415347490534, 'c2': 9.93749781163004, 'w': 2.1468800848204763, 'k': 11, 'p': 1}
2020-12-02 22:20:50,575 - pyswarms.single.local_best - INFO - Optimization finished | best cost: 3.0136094784460616, best pos: [0.35190391 0.14168158 0.09996453 0.53356512 0.52655381 0.09820444
 0.36935522 0.1631938  0.11866131 0.7692153  0.33931882 0.71476882
 0.67006961 0.3635232  0.25806327 0.19997277 0.28254598 0.24133539
 0.06034203 0.25260156]
2020-12-02 22:20:50,579 - pyswarms.single.local_best - INFO - Optimize for 10 iters with {'c1': 2.7447456041447946, 'c2': 7.943934191621224, 'w': 3.752603026027254, 'k': 13, 'p': 1}
2020-12-02 22:20:50,596 - pyswarms.single.local_best - INFO - Optimization finished | best cost: 3.4381245649169343, best pos: [0.1835005  0.53051644 0.11065565 0.36478367 0.05091893 0.87110397
 0.35371884 0.37941195 0.06250422 0.16370097 0.00334033 0.12180306
 0.39939584 0.64745114 0.13679164 0.26640155 0.52653415 0.95942428
 0.08356641 0.16895905]
2020-12-02 22:20:50,601 - pyswarms.single.local_best - INFO - Optimize for 10 iters with {'c1': 1.9287221319699586, 'c2': 7.03164390283506, 'w': 3.3495089205122177, 'k': 12, 'p': 1}
2020-12-02 22:20:50,613 - pyswarms.single.local_best - INFO - Optimization finished | best cost: 3.32536902070365, best pos: [0.22715436 0.27645387 0.47956571 0.76429323 0.0976437  0.38407802
 0.10982813 0.08971385 0.27575416 0.49109299 0.6579712  0.00836327
 0.81780905 0.544644   0.28817166 0.26118101 0.47103348 0.12939464
 0.25629812 0.1866404 ]
2020-12-02 22:20:50,616 - pyswarms.single.local_best - INFO - Optimize for 10 iters with {'c1': 4.936097085916557, 'c2': 7.997718926786403, 'w': 3.393828445012094, 'k': 14, 'p': 1}
2020-12-02 22:20:50,631 - pyswarms.single.local_best - INFO - Optimization finished | best cost: 3.161038293686213, best pos: [0.30729793 0.11589476 0.31476543 0.31117049 0.14414718 0.64367998
 0.05672972 0.06625218 0.12995965 0.22741164 0.89192305 0.77451822
 0.19522185 0.80259467 0.33588654 0.03088043 0.19347463 0.08333011
 0.21923872 0.24912755]
2020-12-02 22:20:50,635 - pyswarms.single.local_best - INFO - Optimize for 10 iters with {'c1': 4.3731761636954385, 'c2': 8.20058500395987, 'w': 3.8230081439659904, 'k': 13, 'p': 1}
2020-12-02 22:20:50,650 - pyswarms.single.local_best - INFO - Optimization finished | best cost: 3.273972809258856, best pos: [0.49151492 0.27691947 0.00389534 0.1812888  0.12803962 0.33789693
 0.54411893 0.51774269 0.72183237 0.05062375 0.31027909 0.05624482
 0.31264668 0.32328933 0.65754857 0.1970293  0.08206377 0.85049123
 0.34123703 0.29175485]
2020-12-02 22:24:52,834 - pyswarms.single.global_best - INFO - Optimize for 100 iters with {'c1': 0.5, 'c2': 0.3, 'w': 0.9}
2020-12-02 22:25:14,741 - pyswarms.single.global_best - INFO - Optimize for 100 iters with {'c1': 0.5, 'c2': 0.3, 'w': 0.9}
2020-12-02 22:27:29,356 - pyswarms.single.global_best - INFO - Optimize for 100 iters with {'c1': 0.5, 'c2': 0.3, 'w': 0.9}
2020-12-02 22:27:54,864 - pyswarms.single.global_best - INFO - Optimize for 100 iters with {'c1': 0.5, 'c2': 0.3, 'w': 0.9}
2020-12-02 22:27:54,985 - pyswarms.single.global_best - INFO - Optimization finished | best cost: -74020.62475094364, best pos: [498.5480645   18.43970696  47.43634122  30.68649375 164.02447301]
2020-12-02 22:29:18,669 - pyswarms.single.global_best - INFO - Optimize for 100 iters with {'c1': 0.5, 'c2': 0.3, 'w': 0.9}
2020-12-02 22:29:18,988 - pyswarms.single.global_best - INFO - Optimization finished | best cost: -210649.70424351873, best pos: [ 16.92598728  -9.19692547  14.66223732 292.14402056 699.02136889]
2020-12-02 22:31:37,869 - pyswarms.single.global_best - INFO - Optimize for 100 iters with {'c1': 0.5, 'c2': 0.3, 'w': 0.9}
2020-12-02 22:31:38,144 - pyswarms.single.global_best - INFO - Optimization finished | best cost: -9521.570245136987, best pos: [  7.44345177 100.95030424   7.34932763  -0.85731154  93.52508751]
2020-12-02 22:32:37,273 - pyswarms.single.global_best - INFO - Optimize for 100 iters with {'c1': 0.5, 'c2': 0.3, 'w': 0.9}
2020-12-02 22:32:37,549 - pyswarms.single.global_best - INFO - Optimization finished | best cost: -8724.024684482054, best pos: [  0.60609185  13.96551916 101.21556551  14.27560931  86.71134965]
2020-12-02 22:32:43,770 - pyswarms.single.global_best - INFO - Optimize for 100 iters with {'c1': 0.5, 'c2': 0.3, 'w': 0.9}
2020-12-02 22:32:44,042 - pyswarms.single.global_best - INFO - Optimization finished | best cost: -8457.326902389983, best pos: [  1.38546546  15.22841049 102.63201607  17.27571928  83.51492791]
2020-12-02 22:33:12,783 - pyswarms.single.global_best - INFO - Optimize for 1000 iters with {'c1': 0.5, 'c2': 0.3, 'w': 0.9}
2020-12-02 22:33:15,317 - pyswarms.single.global_best - INFO - Optimization finished | best cost: -10240.895640899633, best pos: [  0.59906234 101.           0.59906234  -1.         100.40093766]
2020-12-02 22:35:27,395 - pyswarms.single.global_best - INFO - Optimize for 100 iters with {'c1': 0.5, 'c2': 0.3, 'w': 0.9}
2020-12-02 22:35:27,465 - pyswarms.single.global_best - INFO - Optimization finished | best cost: 5.992616526663969e-08, best pos: [8.77409070e-05 2.28533802e-04]
2020-12-02 22:35:27,607 - pyswarms.utils.plotters.plotters - ERROR - Please check your input type
Traceback (most recent call last):
  File "/home/siribarne/anaconda3/lib/python3.8/site-packages/pyswarms/utils/plotters/plotters.py", line 217, in plot_contour
    xx, yy, zz, = _mesh(mesher)
  File "/home/siribarne/anaconda3/lib/python3.8/site-packages/pyswarms/utils/plotters/plotters.py", line 407, in _mesh
    z = mesher.func(xypairs)
  File "<ipython-input-45-6929e3ff48ae>", line 4, in cost_rectangle_func
    rects = [Rectangle(*particule) for particule in swarm_positions]
  File "<ipython-input-45-6929e3ff48ae>", line 4, in <listcomp>
    rects = [Rectangle(*particule) for particule in swarm_positions]
TypeError: __init__() missing 3 required positional arguments: 'point2_x', 'point2_y', and 'longueur'
2020-12-02 22:35:58,766 - pyswarms.single.global_best - INFO - Optimize for 100 iters with {'c1': 0.5, 'c2': 0.3, 'w': 0.9}
2020-12-02 22:35:58,843 - pyswarms.single.global_best - INFO - Optimization finished | best cost: 1.1025053084520001e-08, best pos: [-5.95780330e-05  8.64610379e-05]
2020-12-02 22:37:41,925 - pyswarms.single.global_best - INFO - Optimize for 100 iters with {'c1': 0.5, 'c2': 0.3, 'w': 0.9}
2020-12-02 22:37:41,990 - pyswarms.single.global_best - INFO - Optimization finished | best cost: 5.555510048617904e-08, best pos: [ 8.12174896e-05 -2.21266400e-04]
2020-12-02 22:38:48,284 - pyswarms.single.global_best - INFO - Optimize for 100 iters with {'c1': 0.5, 'c2': 0.3, 'w': 0.9}
2020-12-02 22:38:48,364 - pyswarms.single.global_best - INFO - Optimization finished | best cost: 2.4178160111726582e-08, best pos: [ 1.54287106e-04 -1.93300059e-05]
2020-12-02 22:38:50,543 - matplotlib.animation - INFO - Animation.save using <class 'matplotlib.animation.FFMpegWriter'>
2020-12-02 22:38:50,545 - matplotlib.animation - INFO - MovieWriter._run: running command: ffmpeg -f rawvideo -vcodec rawvideo -s 720x576 -pix_fmt rgba -r 12.5 -loglevel error -i pipe: -vcodec h264 -pix_fmt yuv420p -y /tmp/tmpel84nfsb/temp.m4v
2020-12-02 22:40:21,195 - pyswarms.single.global_best - INFO - Optimize for 100 iters with {'c1': 0.5, 'c2': 0.3, 'w': 0.9}
2020-12-02 22:40:21,260 - pyswarms.single.global_best - INFO - Optimization finished | best cost: 2.628061020580706e-09, best pos: [-1.32661604e-05 -4.95183805e-05]
2020-12-02 22:40:23,443 - matplotlib.animation - INFO - Animation.save using <class 'matplotlib.animation.FFMpegWriter'>
2020-12-02 22:40:23,444 - matplotlib.animation - INFO - MovieWriter._run: running command: ffmpeg -f rawvideo -vcodec rawvideo -s 720x576 -pix_fmt rgba -r 12.5 -loglevel error -i pipe: -vcodec h264 -pix_fmt yuv420p -y /tmp/tmp9vsg6rvw/temp.m4v
2020-12-02 22:40:31,216 - matplotlib.animation - INFO - Animation.save using <class 'matplotlib.animation.FFMpegWriter'>
2020-12-02 22:40:31,218 - matplotlib.animation - INFO - MovieWriter._run: running command: ffmpeg -f rawvideo -vcodec rawvideo -s 720x576 -pix_fmt rgba -r 12.5 -loglevel error -i pipe: -vcodec h264 -pix_fmt yuv420p -y /tmp/tmp_ut5cg_q/temp.m4v
2020-12-02 22:44:42,490 - pyswarms.single.global_best - INFO - Optimize for 1000 iters with {'c1': 0.5, 'c2': 0.3, 'w': 0.9}
2020-12-02 22:44:45,156 - pyswarms.single.global_best - INFO - Optimization finished | best cost: -10403.999718525549, best pos: [101.         100.99999724  -1.         100.99999724 101.99999724]
2020-12-02 22:44:52,019 - pyswarms.utils.plotters.plotters - ERROR - Please check your input type
Traceback (most recent call last):
  File "/home/siribarne/anaconda3/lib/python3.8/site-packages/pyswarms/utils/plotters/plotters.py", line 217, in plot_contour
    xx, yy, zz, = _mesh(mesher)
  File "/home/siribarne/anaconda3/lib/python3.8/site-packages/pyswarms/utils/plotters/plotters.py", line 407, in _mesh
    z = mesher.func(xypairs)
  File "<ipython-input-54-6929e3ff48ae>", line 4, in cost_rectangle_func
    rects = [Rectangle(*particule) for particule in swarm_positions]
  File "<ipython-input-54-6929e3ff48ae>", line 4, in <listcomp>
    rects = [Rectangle(*particule) for particule in swarm_positions]
TypeError: __init__() missing 3 required positional arguments: 'point2_x', 'point2_y', and 'longueur'
2020-12-02 22:48:09,837 - pyswarms.utils.plotters.plotters - ERROR - Please check your input type
Traceback (most recent call last):
  File "/home/siribarne/anaconda3/lib/python3.8/site-packages/pyswarms/utils/plotters/plotters.py", line 217, in plot_contour
    xx, yy, zz, = _mesh(mesher)
  File "/home/siribarne/anaconda3/lib/python3.8/site-packages/pyswarms/utils/plotters/plotters.py", line 407, in _mesh
    z = mesher.func(xypairs)
  File "<ipython-input-54-6929e3ff48ae>", line 4, in cost_rectangle_func
    rects = [Rectangle(*particule) for particule in swarm_positions]
  File "<ipython-input-54-6929e3ff48ae>", line 4, in <listcomp>
    rects = [Rectangle(*particule) for particule in swarm_positions]
TypeError: __init__() missing 3 required positional arguments: 'point2_x', 'point2_y', and 'longueur'
2020-12-02 22:48:39,008 - pyswarms.single.global_best - INFO - Optimize for 1000 iters with {'c1': 0.5, 'c2': 0.3, 'w': 0.9}
2020-12-02 22:48:44,926 - pyswarms.single.global_best - INFO - Optimization finished | best cost: -10380.983703237202, best pos: [ -0.77435003 101.          -0.77435003  -1.         101.77435003]
2020-12-02 22:48:52,290 - pyswarms.utils.plotters.plotters - ERROR - Please check your input type
Traceback (most recent call last):
  File "/home/siribarne/anaconda3/lib/python3.8/site-packages/pyswarms/utils/plotters/plotters.py", line 217, in plot_contour
    xx, yy, zz, = _mesh(mesher)
  File "/home/siribarne/anaconda3/lib/python3.8/site-packages/pyswarms/utils/plotters/plotters.py", line 407, in _mesh
    z = mesher.func(xypairs)
  File "<ipython-input-59-d2f6cf97efbe>", line 5, in cost_rectangle_func
    rects = [Rectangle(*particule) for particule in swarm_positions]
  File "<ipython-input-59-d2f6cf97efbe>", line 5, in <listcomp>
    rects = [Rectangle(*particule) for particule in swarm_positions]
TypeError: __init__() missing 3 required positional arguments: 'point2_x', 'point2_y', and 'longueur'
2020-12-02 22:50:39,504 - pyswarms.utils.plotters.plotters - ERROR - Please check your input type
Traceback (most recent call last):
  File "/home/siribarne/anaconda3/lib/python3.8/site-packages/pyswarms/utils/plotters/plotters.py", line 217, in plot_contour
    xx, yy, zz, = _mesh(mesher)
  File "/home/siribarne/anaconda3/lib/python3.8/site-packages/pyswarms/utils/plotters/plotters.py", line 407, in _mesh
    z = mesher.func(xypairs)
  File "<ipython-input-59-d2f6cf97efbe>", line 5, in cost_rectangle_func
    rects = [Rectangle(*particule) for particule in swarm_positions]
  File "<ipython-input-59-d2f6cf97efbe>", line 5, in <listcomp>
    rects = [Rectangle(*particule) for particule in swarm_positions]
TypeError: __init__() missing 3 required positional arguments: 'point2_x', 'point2_y', and 'longueur'
2020-12-02 22:54:35,243 - pyswarms.single.global_best - INFO - Optimize for 1000 iters with {'c1': 0.5, 'c2': 0.3, 'w': 0.9}
2020-12-02 22:54:40,762 - pyswarms.single.global_best - INFO - Optimization finished | best cost: -10368.331548657194, best pos: [ -0.99716035  -0.6531772  100.99997705  -0.65319512 101.65316216]
2020-12-02 23:05:12,307 - pyswarms.single.global_best - INFO - Optimize for 1000 iters with {'c1': 0.5, 'c2': 0.3, 'w': 0.9}
2020-12-02 23:05:18,386 - pyswarms.single.global_best - INFO - Optimization finished | best cost: -2943.99999998046, best pos: [31. -1. 31. 91. 32.]
2020-12-02 23:05:21,064 - pyswarms.single.global_best - INFO - Optimize for 1000 iters with {'c1': 0.5, 'c2': 0.3, 'w': 0.9}
2020-12-02 23:05:23,769 - pyswarms.single.global_best - INFO - Optimization finished | best cost: -2753.966886724882, best pos: [ -1.          -0.99967536 101.          -0.99967536  26.99967536]
2020-12-02 23:13:16,823 - pyswarms.single.global_best - INFO - Optimize for 1 iters with {'c1': 0.5, 'c2': 0.3, 'w': 0.9}
2020-12-02 23:13:16,838 - pyswarms.single.global_best - INFO - Optimization finished | best cost: 0.0007035220757945695, best pos: [0.23333355 0.4003009  0.19913139 0.33393536 0.00942296]
2020-12-02 23:14:21,943 - pyswarms.single.global_best - INFO - Optimize for 1 iters with {'c1': 0.5, 'c2': 0.3, 'w': 0.9}
2020-12-02 23:14:22,004 - pyswarms.single.global_best - INFO - Optimization finished | best cost: 0.0008499249237028045, best pos: [8.18953491e-01 8.96145388e-01 1.12693987e-01 2.21994358e-01
 8.70502146e-04]
2020-12-02 23:14:27,430 - pyswarms.single.global_best - INFO - Optimize for 1 iters with {'c1': 0.5, 'c2': 0.3, 'w': 0.9}
2020-12-02 23:14:27,442 - pyswarms.single.global_best - INFO - Optimization finished | best cost: 0.0015949504154892495, best pos: [0.71665529 0.55332159 0.62432837 0.15394613 0.00389099]
2020-12-02 23:14:36,458 - pyswarms.single.global_best - INFO - Optimize for 10 iters with {'c1': 0.5, 'c2': 0.3, 'w': 0.9}
2020-12-02 23:14:36,503 - pyswarms.single.global_best - INFO - Optimization finished | best cost: -42.04628679456711, best pos: [ 1.58823034  5.22428402  5.01630546 -0.39570878  6.38709163]
2020-12-02 23:15:30,928 - pyswarms.single.global_best - INFO - Optimize for 10 iters with {'c1': 0.5, 'c2': 0.3, 'w': 0.9}
2020-12-02 23:15:31,001 - pyswarms.single.global_best - INFO - Optimization finished | best cost: 0.0006620175809690409, best pos: [ 0.57970317  0.16607755  0.64467763  0.33184686 -0.00371819]
2020-12-02 23:24:24,141 - pyswarms.single.global_best - INFO - Optimize for 100 iters with {'c1': 0.5, 'c2': 0.3, 'w': 0.9}
2020-12-02 23:24:24,881 - pyswarms.single.global_best - INFO - Optimization finished | best cost: 1.483815857001694e-06, best pos: [ 1.41021904e-01  1.87002453e-01  3.14571995e-01  4.98753101e-01
 -4.15864634e-06]
2020-12-02 23:31:33,449 - pyswarms.single.global_best - INFO - Optimize for 100 iters with {'c1': 0.5, 'c2': 0.3, 'w': 0.9}
2020-12-02 23:31:34,152 - pyswarms.single.global_best - INFO - Optimization finished | best cost: 3.0022323658549237e-07, best pos: [9.08558551e-01 5.64027128e-01 3.89864717e-01 5.02561675e-01
 5.74784660e-07]
2020-12-02 23:31:53,415 - pyswarms.single.global_best - INFO - Optimize for 1000 iters with {'c1': 0.5, 'c2': 0.3, 'w': 0.9}
2020-12-02 23:32:55,114 - pyswarms.single.global_best - INFO - Optimization finished | best cost: 1.0169253689440944e-27, best pos: [9.67656996e-01 9.54160259e-01 1.00269831e+00 9.51503145e-01
 2.89376787e-26]
2020-12-02 23:36:36,841 - pyswarms.single.global_best - INFO - Optimize for 1000 iters with {'c1': 0.5, 'c2': 0.3, 'w': 0.9}
2020-12-02 23:36:53,252 - pyswarms.single.global_best - INFO - Optimization finished | best cost: -2943.999999999999, best pos: [-1. 91. -1. -1. 32.]
2020-12-02 23:36:57,796 - pyswarms.single.global_best - INFO - Optimize for 100 iters with {'c1': 0.5, 'c2': 0.3, 'w': 0.9}
2020-12-02 23:36:58,062 - pyswarms.single.global_best - INFO - Optimization finished | best cost: -2682.4660795122595, best pos: [-0.22408079  4.80209226 30.961965    4.98159277 86.01352234]
2020-12-02 23:37:13,421 - pyswarms.single.global_best - INFO - Optimize for 1000 iters with {'c1': 0.5, 'c2': 0.3, 'w': 0.9}
2020-12-02 23:37:15,809 - pyswarms.single.global_best - INFO - Optimization finished | best cost: -2943.9999999999973, best pos: [-1. 91. -1. -1. 32.]
